<?xml version="1.0" encoding="UTF-8"?>
<testng-results skipped="0" failed="2" ignored="0" total="2" passed="0">
  <reporter-output>
  </reporter-output>
  <suite name="Default suite" duration-ms="24365" started-at="2020-07-01T16:43:46Z" finished-at="2020-07-01T16:44:11Z">
    <groups>
    </groups>
    <test name="Default test" duration-ms="24365" started-at="2020-07-01T16:43:46Z" finished-at="2020-07-01T16:44:11Z">
      <class name="com.DemoProject.TestCases.test">
        <test-method status="PASS" signature="StatusReport()[pri:0, instance:com.DemoProject.TestCases.test@29ca901e]" name="StatusReport" is-config="true" duration-ms="413" started-at="2020-07-01T16:43:46Z" finished-at="2020-07-01T16:43:46Z">
          <reporter-output>
          </reporter-output>
        </test-method> <!-- StatusReport -->
        <test-method status="PASS" signature="startSession()[pri:0, instance:com.DemoProject.TestCases.test@29ca901e]" name="startSession" is-config="true" duration-ms="10806" started-at="2020-07-01T16:43:46Z" finished-at="2020-07-01T16:43:57Z">
          <reporter-output>
          </reporter-output>
        </test-method> <!-- startSession -->
        <test-method status="FAIL" signature="loginWIthAdmin()[pri:0, instance:com.DemoProject.TestCases.test@29ca901e]" name="loginWIthAdmin" duration-ms="3995" started-at="2020-07-01T16:43:57Z" finished-at="2020-07-01T16:44:01Z">
          <exception class="org.openqa.selenium.TimeoutException">
            <message>
              <![CDATA[Supplied function might have stalled
Build info: version: '4.0.0-alpha-5', revision: 'b3a0d621cc'
System info: host: 'DESKTOP-6ELM0OD', ip: '192.168.0.104', os.name: 'Windows 10', os.arch: 'amd64', os.version: '10.0', java.version: '1.8.0_241'
Driver info: driver.version: unknown]]>
            </message>
            <full-stacktrace>
              <![CDATA[org.openqa.selenium.TimeoutException: Supplied function might have stalled
Build info: version: '4.0.0-alpha-5', revision: 'b3a0d621cc'
System info: host: 'DESKTOP-6ELM0OD', ip: '192.168.0.104', os.name: 'Windows 10', os.arch: 'amd64', os.version: '10.0', java.version: '1.8.0_241'
Driver info: driver.version: unknown
at org.openqa.selenium.support.ui.FluentWait.until(FluentWait.java:221)
at com.DemoProject.Utility.utility.WaitAndTypeValue(utility.java:60)
at com.DemoProject.Pages.LoginPage.LogintoApplication(LoginPage.java:41)
at com.DemoProject.TestCases.test.loginWIthAdmin(test.java:28)
at sun.reflect.NativeMethodAccessorImpl.invoke0(Native Method)
at sun.reflect.NativeMethodAccessorImpl.invoke(NativeMethodAccessorImpl.java:62)
at sun.reflect.DelegatingMethodAccessorImpl.invoke(DelegatingMethodAccessorImpl.java:43)
at java.lang.reflect.Method.invoke(Method.java:498)
at org.testng.internal.MethodInvocationHelper.invokeMethod(MethodInvocationHelper.java:124)
at org.testng.internal.Invoker.invokeMethod(Invoker.java:583)
at org.testng.internal.Invoker.invokeTestMethod(Invoker.java:719)
at org.testng.internal.Invoker.invokeTestMethods(Invoker.java:989)
at org.testng.internal.TestMethodWorker.invokeTestMethods(TestMethodWorker.java:125)
at org.testng.internal.TestMethodWorker.run(TestMethodWorker.java:109)
at org.testng.TestRunner.privateRun(TestRunner.java:648)
at org.testng.TestRunner.run(TestRunner.java:505)
at org.testng.SuiteRunner.runTest(SuiteRunner.java:455)
at org.testng.SuiteRunner.runSequentially(SuiteRunner.java:450)
at org.testng.SuiteRunner.privateRun(SuiteRunner.java:415)
at org.testng.SuiteRunner.run(SuiteRunner.java:364)
at org.testng.SuiteRunnerWorker.runSuite(SuiteRunnerWorker.java:52)
at org.testng.SuiteRunnerWorker.run(SuiteRunnerWorker.java:84)
at org.testng.TestNG.runSuitesSequentially(TestNG.java:1208)
at org.testng.TestNG.runSuitesLocally(TestNG.java:1137)
at org.testng.TestNG.runSuites(TestNG.java:1049)
at org.testng.TestNG.run(TestNG.java:1017)
at org.testng.remote.AbstractRemoteTestNG.run(AbstractRemoteTestNG.java:132)
at org.testng.remote.RemoteTestNG.initAndRun(RemoteTestNG.java:230)
at org.testng.remote.RemoteTestNG.main(RemoteTestNG.java:76)
Caused by: java.util.concurrent.TimeoutException
at java.util.concurrent.CompletableFuture.timedGet(CompletableFuture.java:1784)
at java.util.concurrent.CompletableFuture.get(CompletableFuture.java:1928)
at org.openqa.selenium.support.ui.FluentWait.until(FluentWait.java:209)
... 28 more
]]>
            </full-stacktrace>
          </exception> <!-- org.openqa.selenium.TimeoutException -->
          <reporter-output>
          </reporter-output>
        </test-method> <!-- loginWIthAdmin -->
        <test-method status="PASS" signature="TearDownReport(org.testng.ITestResult)[pri:0, instance:com.DemoProject.TestCases.test@29ca901e]" name="TearDownReport" is-config="true" duration-ms="3676" started-at="2020-07-01T16:44:01Z" finished-at="2020-07-01T16:44:05Z">
          <params>
            <param index="0">
              <value>
                <![CDATA[[TestResult name=loginWIthAdmin status=FAILURE method=test.loginWIthAdmin()[pri:0, instance:com.DemoProject.TestCases.test@29ca901e] output={null}]]]>
              </value>
            </param>
          </params>
          <reporter-output>
          </reporter-output>
        </test-method> <!-- TearDownReport -->
        <test-method status="FAIL" signature="logoutApp()[pri:0, instance:com.DemoProject.TestCases.test@29ca901e]" name="logoutApp" duration-ms="5119" started-at="2020-07-01T16:44:05Z" finished-at="2020-07-01T16:44:10Z">
          <exception class="org.openqa.selenium.TimeoutException">
            <message>
              <![CDATA[Expected condition failed: waiting for element to be clickable: By.id: welcome (tried for 5 second(s) with 500 milliseconds interval)]]>
            </message>
            <full-stacktrace>
              <![CDATA[org.openqa.selenium.TimeoutException: Expected condition failed: waiting for element to be clickable: By.id: welcome (tried for 5 second(s) with 500 milliseconds interval)
at org.openqa.selenium.support.ui.WebDriverWait.timeoutException(WebDriverWait.java:138)
at org.openqa.selenium.support.ui.FluentWait.lambda$checkConditionInLoop$2(FluentWait.java:255)
at java.util.concurrent.CompletableFuture$AsyncSupply.run(CompletableFuture.java:1604)
at java.util.concurrent.CompletableFuture$AsyncSupply.exec(CompletableFuture.java:1596)
at java.util.concurrent.ForkJoinTask.doExec(ForkJoinTask.java:289)
at java.util.concurrent.ForkJoinPool$WorkQueue.runTask(ForkJoinPool.java:1056)
at java.util.concurrent.ForkJoinPool.runWorker(ForkJoinPool.java:1692)
at java.util.concurrent.ForkJoinWorkerThread.run(ForkJoinWorkerThread.java:157)
Caused by: org.openqa.selenium.NoSuchElementException: no such element: Unable to locate element: {"method":"css selector","selector":"#welcome"}
  (Session info: chrome=83.0.4103.116)
For documentation on this error, please visit: https://selenium.dev/exceptions/#no_such_element
Build info: version: '4.0.0-alpha-5', revision: 'b3a0d621cc'
System info: host: 'DESKTOP-6ELM0OD', ip: '192.168.0.104', os.name: 'Windows 10', os.arch: 'amd64', os.version: '10.0', java.version: '1.8.0_241'
Driver info: org.openqa.selenium.chrome.ChromeDriver
Capabilities {acceptInsecureCerts: false, browserName: chrome, browserVersion: 83.0.4103.116, chrome: {chromedriverVersion: 83.0.4103.39 (ccbf011cb2d2b..., userDataDir: C:\Users\HP\AppData\Local\T...}, goog:chromeOptions: {debuggerAddress: localhost:51161}, javascriptEnabled: true, networkConnectionEnabled: false, pageLoadStrategy: normal, platform: WINDOWS, platformName: WINDOWS, proxy: Proxy(), setWindowRect: true, strictFileInteractability: false, timeouts: {implicit: 0, pageLoad: 300000, script: 30000}, unhandledPromptBehavior: dismiss and notify, webauthn:virtualAuthenticators: true}
Session ID: d95e9726ce8928b396bb5b93174d3795
*** Element info: {Using=id, value=welcome}
at sun.reflect.NativeConstructorAccessorImpl.newInstance0(Native Method)
at sun.reflect.NativeConstructorAccessorImpl.newInstance(NativeConstructorAccessorImpl.java:62)
at sun.reflect.DelegatingConstructorAccessorImpl.newInstance(DelegatingConstructorAccessorImpl.java:45)
at java.lang.reflect.Constructor.newInstance(Constructor.java:423)
at org.openqa.selenium.remote.codec.w3c.W3CHttpResponseCodec.createException(W3CHttpResponseCodec.java:196)
at org.openqa.selenium.remote.codec.w3c.W3CHttpResponseCodec.decode(W3CHttpResponseCodec.java:129)
at org.openqa.selenium.remote.codec.w3c.W3CHttpResponseCodec.decode(W3CHttpResponseCodec.java:53)
at org.openqa.selenium.remote.HttpCommandExecutor.execute(HttpCommandExecutor.java:161)
at org.openqa.selenium.remote.service.DriverCommandExecutor.execute(DriverCommandExecutor.java:83)
at org.openqa.selenium.remote.RemoteWebDriver.execute(RemoteWebDriver.java:582)
at org.openqa.selenium.remote.RemoteWebDriver.findElement(RemoteWebDriver.java:333)
at org.openqa.selenium.remote.RemoteWebDriver.findElementById(RemoteWebDriver.java:381)
at org.openqa.selenium.By$ById.findElement(By.java:194)
at org.openqa.selenium.remote.RemoteWebDriver.findElement(RemoteWebDriver.java:325)
at org.openqa.selenium.support.ui.ExpectedConditions$7.apply(ExpectedConditions.java:205)
at org.openqa.selenium.support.ui.ExpectedConditions$7.apply(ExpectedConditions.java:201)
at org.openqa.selenium.support.ui.ExpectedConditions$22.apply(ExpectedConditions.java:641)
at org.openqa.selenium.support.ui.ExpectedConditions$22.apply(ExpectedConditions.java:638)
at org.openqa.selenium.support.ui.FluentWait.lambda$checkConditionInLoop$2(FluentWait.java:233)
... 6 more
]]>
            </full-stacktrace>
          </exception> <!-- org.openqa.selenium.TimeoutException -->
          <reporter-output>
          </reporter-output>
        </test-method> <!-- logoutApp -->
        <test-method status="PASS" signature="TearDownReport(org.testng.ITestResult)[pri:0, instance:com.DemoProject.TestCases.test@29ca901e]" name="TearDownReport" is-config="true" duration-ms="528" started-at="2020-07-01T16:44:10Z" finished-at="2020-07-01T16:44:10Z">
          <params>
            <param index="0">
              <value>
                <![CDATA[[TestResult name=logoutApp status=FAILURE method=test.logoutApp()[pri:0, instance:com.DemoProject.TestCases.test@29ca901e] output={null}]]]>
              </value>
            </param>
          </params>
          <reporter-output>
          </reporter-output>
        </test-method> <!-- TearDownReport -->
        <test-method status="PASS" signature="EndSession()[pri:0, instance:com.DemoProject.TestCases.test@29ca901e]" name="EndSession" is-config="true" duration-ms="184" started-at="2020-07-01T16:44:10Z" finished-at="2020-07-01T16:44:11Z">
          <reporter-output>
          </reporter-output>
        </test-method> <!-- EndSession -->
      </class> <!-- com.DemoProject.TestCases.test -->
    </test> <!-- Default test -->
  </suite> <!-- Default suite -->
</testng-results>
